Started GET "/" for ::1 at 2022-01-22 22:43:03 -0300
  [1m[35m (16.9ms)[0m  [1m[34mSELECT sqlite_version(*)[0m
Processing by Rails::WelcomeController#index as HTML
  Rendering /home/arelig/.rbenv/versions/3.1.0/lib/ruby/gems/3.1.0/gems/railties-7.0.1/lib/rails/templates/rails/welcome/index.html.erb
  Rendered /home/arelig/.rbenv/versions/3.1.0/lib/ruby/gems/3.1.0/gems/railties-7.0.1/lib/rails/templates/rails/welcome/index.html.erb (Duration: 1.5ms | Allocations: 877)
Completed 200 OK in 11ms (Views: 4.8ms | ActiveRecord: 0.0ms | Allocations: 7922)


Started GET "/home/index" for ::1 at 2022-01-22 23:00:46 -0300
  [1m[35m (0.4ms)[0m  [1m[34mSELECT sqlite_version(*)[0m
Processing by HomeController#index as HTML
  Rendering layout layouts/application.html.erb
  Rendering home/index.html.erb within layouts/application
  Rendered home/index.html.erb within layouts/application (Duration: 0.4ms | Allocations: 461)
  Rendered layout layouts/application.html.erb (Duration: 138.6ms | Allocations: 89872)
Completed 200 OK in 143ms (Views: 140.2ms | ActiveRecord: 0.0ms | Allocations: 95883)


Started GET "/home/index" for ::1 at 2022-01-22 23:02:16 -0300
Processing by HomeController#index as HTML
  Rendering layout layouts/application.html.erb
  Rendering home/index.html.erb within layouts/application
  Rendered home/index.html.erb within layouts/application (Duration: 0.6ms | Allocations: 196)
  Rendered layout layouts/application.html.erb (Duration: 3.6ms | Allocations: 3088)
Completed 200 OK in 7ms (Views: 5.7ms | ActiveRecord: 0.0ms | Allocations: 4293)


Started GET "/home/index" for ::1 at 2022-01-22 23:03:22 -0300
  
ActionController::RoutingError (No route matches [GET] "/home/index"):
  
Started GET "/" for ::1 at 2022-01-22 23:03:26 -0300
Processing by HomeController#index as HTML
  Rendering layout layouts/application.html.erb
  Rendering home/index.html.erb within layouts/application
  Rendered home/index.html.erb within layouts/application (Duration: 0.1ms | Allocations: 26)
  Rendered layout layouts/application.html.erb (Duration: 17.1ms | Allocations: 13699)
Completed 200 OK in 20ms (Views: 18.9ms | Allocations: 14646)


Started GET "/" for ::1 at 2022-01-22 23:05:53 -0300
Processing by HomeController#index as HTML
  Rendering layout layouts/application.html.erb
  Rendering home/index.html.erb within layouts/application
  Rendered home/index.html.erb within layouts/application (Duration: 0.3ms | Allocations: 192)
  Rendered layout layouts/application.html.erb (Duration: 2.8ms | Allocations: 3023)
Completed 200 OK in 4ms (Views: 3.8ms | Allocations: 4201)


Started GET "/" for ::1 at 2022-01-22 23:39:23 -0300
  
ArgumentError (Missing :controller key on routes definition, please check your routes.):
  
config/routes.rb:5:in `block in <main>'
config/routes.rb:1:in `<main>'
Started GET "/" for ::1 at 2022-01-22 23:39:40 -0300
Processing by HomeController#index as HTML
  Rendering layout layouts/application.html.erb
  Rendering home/index.html.erb within layouts/application
  Rendered home/index.html.erb within layouts/application (Duration: 0.4ms | Allocations: 194)
  Rendered layout layouts/application.html.erb (Duration: 21.6ms | Allocations: 14283)
Completed 200 OK in 25ms (Views: 24.3ms | Allocations: 15516)


Started GET "/home/about" for ::1 at 2022-01-22 23:39:48 -0300
Processing by HomeController#about as HTML
  Rendering layout layouts/application.html.erb
  Rendering home/about.html.erb within layouts/application
  Rendered home/about.html.erb within layouts/application (Duration: 0.4ms | Allocations: 162)
  Rendered layout layouts/application.html.erb (Duration: 4.3ms | Allocations: 2423)
Completed 200 OK in 6ms (Views: 4.9ms | Allocations: 2758)


Started GET "/about" for ::1 at 2022-01-22 23:39:54 -0300
  
ActionController::RoutingError (No route matches [GET] "/about"):
  
Started GET "/home/about" for ::1 at 2022-01-23 11:47:05 -0300
Processing by HomeController#about as HTML
  Rendering layout layouts/application.html.erb
  Rendering home/about.html.erb within layouts/application
  Rendered home/about.html.erb within layouts/application (Duration: 0.1ms | Allocations: 18)
  Rendered layout layouts/application.html.erb (Duration: 6.2ms | Allocations: 2267)
Completed 200 OK in 7ms (Views: 6.7ms | Allocations: 2531)


Started GET "/home/about" for ::1 at 2022-01-23 14:23:05 -0300
Processing by HomeController#about as HTML
  Rendering layout layouts/application.html.erb
  Rendering home/about.html.erb within layouts/application
  Rendered home/about.html.erb within layouts/application (Duration: 0.6ms | Allocations: 188)
  Rendered layout layouts/application.html.erb (Duration: 4.5ms | Allocations: 3059)
Completed 200 OK in 8ms (Views: 7.1ms | Allocations: 4183)


Started GET "/" for ::1 at 2022-01-23 14:23:33 -0300
Processing by HomeController#index as HTML
  Rendering layout layouts/application.html.erb
  Rendering home/index.html.erb within layouts/application
  Rendered home/index.html.erb within layouts/application (Duration: 1.7ms | Allocations: 164)
  Rendered layout layouts/application.html.erb (Duration: 11.9ms | Allocations: 2423)
Completed 200 OK in 14ms (Views: 12.9ms | Allocations: 2758)


Started GET "/" for ::1 at 2022-01-23 14:23:57 -0300
Processing by HomeController#index as HTML
  Rendering layout layouts/application.html.erb
  Rendering home/index.html.erb within layouts/application
  Rendered home/index.html.erb within layouts/application (Duration: 0.8ms | Allocations: 191)
  Rendered layout layouts/application.html.erb (Duration: 4.6ms | Allocations: 3061)
Completed 200 OK in 6ms (Views: 5.6ms | Allocations: 4190)


Started GET "/" for ::1 at 2022-01-23 14:24:12 -0300
Processing by HomeController#index as HTML
  Rendering layout layouts/application.html.erb
  Rendering home/index.html.erb within layouts/application
  Rendered home/index.html.erb within layouts/application (Duration: 0.3ms | Allocations: 191)
  Rendered layout layouts/application.html.erb (Duration: 2.8ms | Allocations: 3083)
Completed 200 OK in 4ms (Views: 3.9ms | Allocations: 4230)


Started GET "/" for ::1 at 2022-01-23 14:30:21 -0300
Processing by HomeController#index as HTML
  Rendering layout layouts/application.html.erb
  Rendering home/index.html.erb within layouts/application
  Rendered home/index.html.erb within layouts/application (Duration: 0.8ms | Allocations: 191)
  Rendered layout layouts/application.html.erb (Duration: 8.0ms | Allocations: 3082)
Completed 200 OK in 12ms (Views: 10.5ms | Allocations: 4229)


Started GET "/" for ::1 at 2022-01-23 14:30:22 -0300
Processing by HomeController#index as HTML
  Rendering layout layouts/application.html.erb
  Rendering home/index.html.erb within layouts/application
  Rendered home/index.html.erb within layouts/application (Duration: 0.0ms | Allocations: 18)
  Rendered layout layouts/application.html.erb (Duration: 4.1ms | Allocations: 2283)
Completed 200 OK in 5ms (Views: 4.6ms | Allocations: 2565)


Started GET "/" for ::1 at 2022-01-23 14:30:25 -0300
Processing by HomeController#index as HTML
  Rendering layout layouts/application.html.erb
  Rendering home/index.html.erb within layouts/application
  Rendered home/index.html.erb within layouts/application (Duration: 0.3ms | Allocations: 192)
  Rendered home/_header.html.erb (Duration: 1.1ms | Allocations: 144)
  Rendered layout layouts/application.html.erb (Duration: 12.8ms | Allocations: 3366)
Completed 200 OK in 15ms (Views: 14.0ms | Allocations: 4495)


Started GET "/" for ::1 at 2022-01-23 14:30:42 -0300
Processing by HomeController#index as HTML
  Rendering layout layouts/application.html.erb
  Rendering home/index.html.erb within layouts/application
  Rendered home/index.html.erb within layouts/application (Duration: 0.4ms | Allocations: 191)
  Rendered home/_header.html.erb (Duration: 0.4ms | Allocations: 162)
  Rendered layout layouts/application.html.erb (Duration: 4.3ms | Allocations: 3396)
Completed 200 OK in 6ms (Views: 5.6ms | Allocations: 4542)


Started GET "/" for ::1 at 2022-01-23 14:32:19 -0300
Processing by HomeController#index as HTML
  Rendering layout layouts/application.html.erb
  Rendering home/index.html.erb within layouts/application
  Rendered home/index.html.erb within layouts/application (Duration: 0.3ms | Allocations: 192)
  Rendered home/_header.html.erb (Duration: 0.3ms | Allocations: 228)
  Rendered layout layouts/application.html.erb (Duration: 3.3ms | Allocations: 3460)
Completed 200 OK in 5ms (Views: 4.2ms | Allocations: 4606)


Started GET "/" for ::1 at 2022-01-23 14:32:54 -0300
Processing by HomeController#index as HTML
  Rendering layout layouts/application.html.erb
  Rendering home/index.html.erb within layouts/application
  Rendered home/index.html.erb within layouts/application (Duration: 0.5ms | Allocations: 194)
  Rendered home/_header.html.erb (Duration: 0.4ms | Allocations: 228)
  Rendered layout layouts/application.html.erb (Duration: 4.4ms | Allocations: 3473)
Completed 200 OK in 11ms (Views: 10.3ms | Allocations: 4621)


Started GET "/home/about" for ::1 at 2022-01-23 14:33:05 -0300
Processing by HomeController#about as HTML
  Rendering layout layouts/application.html.erb
  Rendering home/about.html.erb within layouts/application
  Rendered home/about.html.erb within layouts/application (Duration: 0.4ms | Allocations: 161)
  Rendered home/_header.html.erb (Duration: 0.0ms | Allocations: 16)
  Rendered layout layouts/application.html.erb (Duration: 3.9ms | Allocations: 2496)
Completed 200 OK in 5ms (Views: 4.5ms | Allocations: 2832)


Started GET "/" for ::1 at 2022-01-23 14:33:39 -0300
Processing by HomeController#index as HTML
  Rendering layout layouts/application.html.erb
  Rendering home/index.html.erb within layouts/application
  Rendered home/index.html.erb within layouts/application (Duration: 0.4ms | Allocations: 191)
  Rendered home/_header.html.erb (Duration: 0.3ms | Allocations: 225)
  Rendered layout layouts/application.html.erb (Duration: 4.9ms | Allocations: 3473)
Completed 200 OK in 7ms (Views: 6.0ms | Allocations: 4602)


Started GET "/" for ::1 at 2022-01-23 14:33:59 -0300
Processing by HomeController#index as HTML
  Rendering layout layouts/application.html.erb
  Rendering home/index.html.erb within layouts/application
  Rendered home/index.html.erb within layouts/application (Duration: 0.5ms | Allocations: 191)
  Rendered home/_header.html.erb (Duration: 0.4ms | Allocations: 212)
  Rendered layout layouts/application.html.erb (Duration: 5.9ms | Allocations: 3425)
Completed 200 OK in 12ms (Views: 10.5ms | Allocations: 4571)


Started GET "/" for ::1 at 2022-01-23 14:34:02 -0300
Processing by HomeController#index as HTML
  Rendering layout layouts/application.html.erb
  Rendering home/index.html.erb within layouts/application
  Rendered home/index.html.erb within layouts/application (Duration: 0.0ms | Allocations: 18)
  Rendered home/_header.html.erb (Duration: 0.0ms | Allocations: 16)
  Rendered layout layouts/application.html.erb (Duration: 2.1ms | Allocations: 2372)
Completed 200 OK in 3ms (Views: 2.5ms | Allocations: 2655)


Started GET "/" for ::1 at 2022-01-23 14:34:15 -0300
Processing by HomeController#index as HTML
  Rendering layout layouts/application.html.erb
  Rendering home/index.html.erb within layouts/application
  Rendered home/index.html.erb within layouts/application (Duration: 0.3ms | Allocations: 191)
  Rendered home/_header.html.erb (Duration: 7.7ms | Allocations: 204)
  Rendered layout layouts/application.html.erb (Duration: 11.3ms | Allocations: 3429)
Completed 200 OK in 13ms (Views: 12.4ms | Allocations: 4557)


Started GET "/" for ::1 at 2022-01-23 14:34:47 -0300
Processing by HomeController#index as HTML
  Rendering layout layouts/application.html.erb
  Rendering home/index.html.erb within layouts/application
  Rendered home/index.html.erb within layouts/application (Duration: 0.4ms | Allocations: 191)
  Rendered home/_header.html.erb (Duration: 0.4ms | Allocations: 194)
  Rendered layout layouts/application.html.erb (Duration: 3.7ms | Allocations: 3416)
Completed 200 OK in 6ms (Views: 5.0ms | Allocations: 4562)


Started GET "/" for ::1 at 2022-01-23 14:36:51 -0300
Processing by HomeController#index as HTML
  Rendering layout layouts/application.html.erb
  Rendering home/index.html.erb within layouts/application
  Rendered home/index.html.erb within layouts/application (Duration: 0.3ms | Allocations: 191)
  Rendered home/_header.html.erb (Duration: 0.4ms | Allocations: 339)
  Rendered layout layouts/application.html.erb (Duration: 3.6ms | Allocations: 3561)
Completed 200 OK in 5ms (Views: 4.6ms | Allocations: 4707)


Started GET "/" for ::1 at 2022-01-23 14:36:54 -0300
Processing by HomeController#index as HTML
  Rendering layout layouts/application.html.erb
  Rendering home/index.html.erb within layouts/application
  Rendered home/index.html.erb within layouts/application (Duration: 0.1ms | Allocations: 18)
  Rendered home/_header.html.erb (Duration: 0.8ms | Allocations: 46)
  Rendered layout layouts/application.html.erb (Duration: 3.7ms | Allocations: 2387)
Completed 200 OK in 5ms (Views: 4.2ms | Allocations: 2669)


Started GET "/home/about" for ::1 at 2022-01-23 14:36:59 -0300
Processing by HomeController#about as HTML
  Rendering layout layouts/application.html.erb
  Rendering home/about.html.erb within layouts/application
  Rendered home/about.html.erb within layouts/application (Duration: 0.4ms | Allocations: 161)
  Rendered home/_header.html.erb (Duration: 0.1ms | Allocations: 46)
  Rendered layout layouts/application.html.erb (Duration: 4.0ms | Allocations: 2553)
Completed 200 OK in 5ms (Views: 4.5ms | Allocations: 2870)


Started GET "/" for ::1 at 2022-01-23 14:37:03 -0300
Processing by HomeController#index as HTML
  Rendering layout layouts/application.html.erb
  Rendering home/index.html.erb within layouts/application
  Rendered home/index.html.erb within layouts/application (Duration: 0.0ms | Allocations: 18)
  Rendered home/_header.html.erb (Duration: 0.1ms | Allocations: 46)
  Rendered layout layouts/application.html.erb (Duration: 2.7ms | Allocations: 2387)
Completed 200 OK in 3ms (Views: 3.0ms | Allocations: 2654)


Started GET "/" for ::1 at 2022-01-23 14:39:52 -0300
Processing by HomeController#index as HTML
  Rendering layout layouts/application.html.erb
  Rendering home/index.html.erb within layouts/application
  Rendered home/index.html.erb within layouts/application (Duration: 0.4ms | Allocations: 191)
  Rendered home/_header.html.erb (Duration: 0.6ms | Allocations: 297)
  Rendered layout layouts/application.html.erb (Duration: 4.4ms | Allocations: 3513)
Completed 200 OK in 6ms (Views: 5.7ms | Allocations: 4641)


Started GET "/home/about" for ::1 at 2022-01-23 14:39:57 -0300
Processing by HomeController#about as HTML
  Rendering layout layouts/application.html.erb
  Rendering home/about.html.erb within layouts/application
  Rendered home/about.html.erb within layouts/application (Duration: 0.4ms | Allocations: 161)
  Rendered home/_header.html.erb (Duration: 0.2ms | Allocations: 46)
  Rendered layout layouts/application.html.erb (Duration: 3.8ms | Allocations: 2562)
Completed 200 OK in 5ms (Views: 4.3ms | Allocations: 2897)


Started GET "/" for ::1 at 2022-01-23 14:39:58 -0300
Processing by HomeController#index as HTML
  Rendering layout layouts/application.html.erb
  Rendering home/index.html.erb within layouts/application
  Rendered home/index.html.erb within layouts/application (Duration: 0.0ms | Allocations: 18)
  Rendered home/_header.html.erb (Duration: 0.1ms | Allocations: 46)
  Rendered layout layouts/application.html.erb (Duration: 2.2ms | Allocations: 2390)
Completed 200 OK in 3ms (Views: 2.5ms | Allocations: 2657)


Started GET "/" for ::1 at 2022-01-23 14:48:49 -0300
Processing by HomeController#index as HTML
  Rendering layout layouts/application.html.erb
  Rendering home/index.html.erb within layouts/application
  Rendered home/index.html.erb within layouts/application (Duration: 0.3ms | Allocations: 191)
  Rendered home/_header.html.erb (Duration: 0.4ms | Allocations: 368)
  Rendered layout layouts/application.html.erb (Duration: 3.4ms | Allocations: 3611)
Completed 200 OK in 5ms (Views: 4.3ms | Allocations: 4739)


Started GET "/" for ::1 at 2022-01-23 14:48:53 -0300
Processing by HomeController#index as HTML
  Rendering layout layouts/application.html.erb
  Rendering home/index.html.erb within layouts/application
  Rendered home/index.html.erb within layouts/application (Duration: 0.1ms | Allocations: 18)
  Rendered home/_header.html.erb (Duration: 0.2ms | Allocations: 69)
  Rendered layout layouts/application.html.erb (Duration: 3.6ms | Allocations: 2422)
Completed 200 OK in 5ms (Views: 4.3ms | Allocations: 2707)


Started GET "/" for ::1 at 2022-01-23 14:49:40 -0300
Processing by HomeController#index as HTML
  Rendering layout layouts/application.html.erb
  Rendering home/index.html.erb within layouts/application
  Rendered home/index.html.erb within layouts/application (Duration: 0.3ms | Allocations: 191)
  Rendered home/_header.html.erb (Duration: 0.4ms | Allocations: 362)
  Rendered layout layouts/application.html.erb (Duration: 3.4ms | Allocations: 3578)
Completed 200 OK in 5ms (Views: 4.3ms | Allocations: 4706)


Started GET "/home/about" for ::1 at 2022-01-23 14:49:43 -0300
Processing by HomeController#about as HTML
  Rendering layout layouts/application.html.erb
  Rendering home/about.html.erb within layouts/application
  Rendered home/about.html.erb within layouts/application (Duration: 0.4ms | Allocations: 161)
  Rendered home/_header.html.erb (Duration: 0.1ms | Allocations: 69)
  Rendered layout layouts/application.html.erb (Duration: 2.8ms | Allocations: 2558)
Completed 200 OK in 4ms (Views: 3.6ms | Allocations: 2896)


Started GET "/" for ::1 at 2022-01-23 14:49:44 -0300
Processing by HomeController#index as HTML
  Rendering layout layouts/application.html.erb
  Rendering home/index.html.erb within layouts/application
  Rendered home/index.html.erb within layouts/application (Duration: 0.0ms | Allocations: 18)
  Rendered home/_header.html.erb (Duration: 0.1ms | Allocations: 69)
  Rendered layout layouts/application.html.erb (Duration: 2.4ms | Allocations: 2414)
Completed 200 OK in 3ms (Views: 2.8ms | Allocations: 2681)


Started GET "/home/about" for ::1 at 2022-01-23 14:49:44 -0300
Processing by HomeController#about as HTML
  Rendering layout layouts/application.html.erb
  Rendering home/about.html.erb within layouts/application
  Rendered home/about.html.erb within layouts/application (Duration: 0.0ms | Allocations: 18)
  Rendered home/_header.html.erb (Duration: 0.1ms | Allocations: 69)
  Rendered layout layouts/application.html.erb (Duration: 2.3ms | Allocations: 2388)
Completed 200 OK in 3ms (Views: 2.6ms | Allocations: 2655)


Started GET "/" for ::1 at 2022-01-23 14:49:45 -0300
Processing by HomeController#index as HTML
  Rendering layout layouts/application.html.erb
  Rendering home/index.html.erb within layouts/application
  Rendered home/index.html.erb within layouts/application (Duration: 0.0ms | Allocations: 18)
  Rendered home/_header.html.erb (Duration: 0.1ms | Allocations: 69)
  Rendered layout layouts/application.html.erb (Duration: 2.4ms | Allocations: 2410)
Completed 200 OK in 3ms (Views: 2.7ms | Allocations: 2677)


Started GET "/" for ::1 at 2022-01-23 14:53:10 -0300
  [1m[35m (0.6ms)[0m  [1m[34mSELECT sqlite_version(*)[0m
Processing by HomeController#index as HTML
  Rendering layout layouts/application.html.erb
  Rendering home/index.html.erb within layouts/application
  Rendered home/index.html.erb within layouts/application (Duration: 0.6ms | Allocations: 459)
  Rendered home/_header.html.erb (Duration: 0.6ms | Allocations: 424)
  Rendered layout layouts/application.html.erb (Duration: 46.5ms | Allocations: 36196)
Completed 200 OK in 52ms (Views: 48.3ms | ActiveRecord: 0.0ms | Allocations: 42211)


Started GET "/home/about" for ::1 at 2022-01-23 14:53:13 -0300
Processing by HomeController#about as HTML
  Rendering layout layouts/application.html.erb
  Rendering home/about.html.erb within layouts/application
  Rendered home/about.html.erb within layouts/application (Duration: 0.6ms | Allocations: 182)
  Rendered home/_header.html.erb (Duration: 0.2ms | Allocations: 81)
  Rendered layout layouts/application.html.erb (Duration: 3.9ms | Allocations: 2761)
Completed 200 OK in 5ms (Views: 4.5ms | ActiveRecord: 0.0ms | Allocations: 3174)


Started GET "/" for ::1 at 2022-01-23 14:53:14 -0300
Processing by HomeController#index as HTML
  Rendering layout layouts/application.html.erb
  Rendering home/index.html.erb within layouts/application
  Rendered home/index.html.erb within layouts/application (Duration: 0.1ms | Allocations: 18)
  Rendered home/_header.html.erb (Duration: 0.1ms | Allocations: 69)
  Rendered layout layouts/application.html.erb (Duration: 2.8ms | Allocations: 2417)
Completed 200 OK in 4ms (Views: 3.1ms | ActiveRecord: 0.0ms | Allocations: 2691)


  [1m[35m (0.3ms)[0m  [1m[34mSELECT sqlite_version(*)[0m
  [1m[35m (4.9ms)[0m  [1m[35mCREATE TABLE "schema_migrations" ("version" varchar NOT NULL PRIMARY KEY)[0m
  [1m[35m (3.8ms)[0m  [1m[35mCREATE TABLE "ar_internal_metadata" ("key" varchar NOT NULL PRIMARY KEY, "value" varchar, "created_at" datetime(6) NOT NULL, "updated_at" datetime(6) NOT NULL)[0m
  [1m[36mActiveRecord::SchemaMigration Pluck (0.1ms)[0m  [1m[34mSELECT "schema_migrations"."version" FROM "schema_migrations" ORDER BY "schema_migrations"."version" ASC[0m
Migrating to CreateFriends (20220123180237)
  [1m[36mTRANSACTION (0.1ms)[0m  [1m[36mbegin transaction[0m
  [1m[35m (0.6ms)[0m  [1m[35mCREATE TABLE "friends" ("id" integer PRIMARY KEY AUTOINCREMENT NOT NULL, "first_name" varchar, "last_name" varchar, "email" varchar, "phone" varchar, "twitter" varchar, "created_at" datetime(6) NOT NULL, "updated_at" datetime(6) NOT NULL)[0m
  [1m[36mActiveRecord::SchemaMigration Create (0.1ms)[0m  [1m[32mINSERT INTO "schema_migrations" ("version") VALUES (?)[0m  [["version", "20220123180237"]]
  [1m[36mTRANSACTION (4.9ms)[0m  [1m[36mcommit transaction[0m
  [1m[36mActiveRecord::InternalMetadata Load (0.7ms)[0m  [1m[34mSELECT "ar_internal_metadata".* FROM "ar_internal_metadata" WHERE "ar_internal_metadata"."key" = ? LIMIT ?[0m  [["key", "environment"], ["LIMIT", 1]]
  [1m[36mTRANSACTION (0.1ms)[0m  [1m[36mbegin transaction[0m
  [1m[36mActiveRecord::InternalMetadata Create (0.2ms)[0m  [1m[32mINSERT INTO "ar_internal_metadata" ("key", "value", "created_at", "updated_at") VALUES (?, ?, ?, ?)[0m  [["key", "environment"], ["value", "development"], ["created_at", "2022-01-23 18:10:49.003022"], ["updated_at", "2022-01-23 18:10:49.003022"]]
  [1m[36mTRANSACTION (4.5ms)[0m  [1m[36mcommit transaction[0m
  [1m[35m (0.0ms)[0m  [1m[34mSELECT sqlite_version(*)[0m
  [1m[36mActiveRecord::SchemaMigration Pluck (0.1ms)[0m  [1m[34mSELECT "schema_migrations"."version" FROM "schema_migrations" ORDER BY "schema_migrations"."version" ASC[0m
Started GET "/" for ::1 at 2022-01-23 15:12:15 -0300
  [1m[35m (0.5ms)[0m  [1m[34mSELECT sqlite_version(*)[0m
  [1m[36mActiveRecord::SchemaMigration Pluck (0.1ms)[0m  [1m[34mSELECT "schema_migrations"."version" FROM "schema_migrations" ORDER BY "schema_migrations"."version" ASC[0m
Processing by HomeController#index as HTML
  Rendering layout layouts/application.html.erb
  Rendering home/index.html.erb within layouts/application
  Rendered home/index.html.erb within layouts/application (Duration: 2.6ms | Allocations: 459)
  Rendered home/_header.html.erb (Duration: 0.7ms | Allocations: 424)
  Rendered layout layouts/application.html.erb (Duration: 67.7ms | Allocations: 35995)
Completed 200 OK in 95ms (Views: 82.8ms | ActiveRecord: 0.0ms | Allocations: 42017)


Started GET "/" for ::1 at 2022-01-23 15:12:57 -0300
Processing by HomeController#index as HTML
  Rendering layout layouts/application.html.erb
  Rendering home/index.html.erb within layouts/application
  Rendered home/index.html.erb within layouts/application (Duration: 0.0ms | Allocations: 20)
  Rendered home/_header.html.erb (Duration: 0.1ms | Allocations: 81)
  Rendered layout layouts/application.html.erb (Duration: 2.2ms | Allocations: 2615)
Completed 200 OK in 3ms (Views: 2.5ms | ActiveRecord: 0.0ms | Allocations: 2948)


Started GET "/friends" for ::1 at 2022-01-23 15:17:35 -0300
Processing by FriendsController#index as HTML
  Rendering layout layouts/application.html.erb
  Rendering friends/index.html.erb within layouts/application
  [1m[36mFriend Load (0.1ms)[0m  [1m[34mSELECT "friends".* FROM "friends"[0m
  ↳ app/views/friends/index.html.erb:6
  Rendered friends/index.html.erb within layouts/application (Duration: 1.7ms | Allocations: 1538)
  Rendered home/_header.html.erb (Duration: 0.1ms | Allocations: 69)
  Rendered layout layouts/application.html.erb (Duration: 4.2ms | Allocations: 3930)
Completed 200 OK in 8ms (Views: 5.1ms | ActiveRecord: 0.1ms | Allocations: 5887)


Started GET "/friends/new" for ::1 at 2022-01-23 15:17:45 -0300
Processing by FriendsController#new as HTML
  Rendering layout layouts/application.html.erb
  Rendering friends/new.html.erb within layouts/application
  Rendered friends/_form.html.erb (Duration: 8.1ms | Allocations: 6329)
  Rendered friends/new.html.erb within layouts/application (Duration: 8.7ms | Allocations: 6767)
  Rendered home/_header.html.erb (Duration: 0.1ms | Allocations: 59)
  Rendered layout layouts/application.html.erb (Duration: 10.7ms | Allocations: 9053)
Completed 200 OK in 17ms (Views: 11.1ms | ActiveRecord: 0.4ms | Allocations: 18333)


Started POST "/friends" for ::1 at 2022-01-23 15:18:15 -0300
Processing by FriendsController#create as TURBO_STREAM
  Parameters: {"authenticity_token"=>"[FILTERED]", "friend"=>{"first_name"=>"Araceli", "last_name"=>"Iglesias", "email"=>"areligle@gmail.com", "phone"=>"2915277586", "twitter"=>"@unbiased_____"}, "commit"=>"Create Friend"}
  [1m[36mTRANSACTION (0.1ms)[0m  [1m[36mbegin transaction[0m
  ↳ app/controllers/friends_controller.rb:27:in `block in create'
  [1m[36mFriend Create (0.2ms)[0m  [1m[32mINSERT INTO "friends" ("first_name", "last_name", "email", "phone", "twitter", "created_at", "updated_at") VALUES (?, ?, ?, ?, ?, ?, ?)[0m  [["first_name", "Araceli"], ["last_name", "Iglesias"], ["email", "areligle@gmail.com"], ["phone", "2915277586"], ["twitter", "@unbiased_____"], ["created_at", "2022-01-23 18:18:15.062271"], ["updated_at", "2022-01-23 18:18:15.062271"]]
  ↳ app/controllers/friends_controller.rb:27:in `block in create'
  [1m[36mTRANSACTION (3.0ms)[0m  [1m[36mcommit transaction[0m
  ↳ app/controllers/friends_controller.rb:27:in `block in create'
Redirected to http://localhost:3000/friends/1
Completed 302 Found in 7ms (ActiveRecord: 3.3ms | Allocations: 3953)


Started GET "/friends/1" for ::1 at 2022-01-23 15:18:15 -0300
Processing by FriendsController#show as TURBO_STREAM
  Parameters: {"id"=>"1"}
  [1m[36mFriend Load (0.1ms)[0m  [1m[34mSELECT "friends".* FROM "friends" WHERE "friends"."id" = ? LIMIT ?[0m  [["id", 1], ["LIMIT", 1]]
  ↳ app/controllers/friends_controller.rb:63:in `set_friend'
  Rendering layout layouts/application.html.erb
  Rendering friends/show.html.erb within layouts/application
  Rendered friends/_friend.html.erb (Duration: 0.4ms | Allocations: 467)
  Rendered friends/show.html.erb within layouts/application (Duration: 2.4ms | Allocations: 1945)
  Rendered home/_header.html.erb (Duration: 0.1ms | Allocations: 59)
  Rendered layout layouts/application.html.erb (Duration: 4.2ms | Allocations: 4206)
Completed 200 OK in 7ms (Views: 4.5ms | ActiveRecord: 0.1ms | Allocations: 7170)


Started GET "/friends" for ::1 at 2022-01-23 15:18:20 -0300
Processing by FriendsController#index as HTML
  Rendering layout layouts/application.html.erb
  Rendering friends/index.html.erb within layouts/application
  [1m[36mFriend Load (0.1ms)[0m  [1m[34mSELECT "friends".* FROM "friends"[0m
  ↳ app/views/friends/index.html.erb:6
  Rendered friends/_friend.html.erb (Duration: 0.1ms | Allocations: 32)
  Rendered friends/index.html.erb within layouts/application (Duration: 1.4ms | Allocations: 1100)
  Rendered home/_header.html.erb (Duration: 0.1ms | Allocations: 59)
  Rendered layout layouts/application.html.erb (Duration: 3.4ms | Allocations: 3262)
Completed 200 OK in 4ms (Views: 3.7ms | ActiveRecord: 0.1ms | Allocations: 3589)


Started GET "/" for ::1 at 2022-01-23 15:18:26 -0300
Processing by HomeController#index as HTML
  Rendering layout layouts/application.html.erb
  Rendering home/index.html.erb within layouts/application
  Rendered home/index.html.erb within layouts/application (Duration: 0.1ms | Allocations: 18)
  Rendered home/_header.html.erb (Duration: 0.2ms | Allocations: 69)
  Rendered layout layouts/application.html.erb (Duration: 2.6ms | Allocations: 2416)
Completed 200 OK in 3ms (Views: 3.0ms | ActiveRecord: 0.0ms | Allocations: 2687)


Started GET "/friends" for ::1 at 2022-01-23 15:18:30 -0300
Processing by FriendsController#index as HTML
  Rendering layout layouts/application.html.erb
  Rendering friends/index.html.erb within layouts/application
  [1m[36mFriend Load (0.2ms)[0m  [1m[34mSELECT "friends".* FROM "friends"[0m
  ↳ app/views/friends/index.html.erb:6
  Rendered friends/_friend.html.erb (Duration: 0.1ms | Allocations: 32)
  Rendered friends/index.html.erb within layouts/application (Duration: 1.9ms | Allocations: 986)
  Rendered home/_header.html.erb (Duration: 0.1ms | Allocations: 59)
  Rendered layout layouts/application.html.erb (Duration: 4.9ms | Allocations: 3145)
Completed 200 OK in 6ms (Views: 5.3ms | ActiveRecord: 0.2ms | Allocations: 3428)


Started GET "/friends/1" for ::1 at 2022-01-23 15:18:37 -0300
Processing by FriendsController#show as HTML
  Parameters: {"id"=>"1"}
  [1m[36mFriend Load (0.1ms)[0m  [1m[34mSELECT "friends".* FROM "friends" WHERE "friends"."id" = ? LIMIT ?[0m  [["id", 1], ["LIMIT", 1]]
  ↳ app/controllers/friends_controller.rb:63:in `set_friend'
  Rendering layout layouts/application.html.erb
  Rendering friends/show.html.erb within layouts/application
  Rendered friends/_friend.html.erb (Duration: 0.1ms | Allocations: 32)
  Rendered friends/show.html.erb within layouts/application (Duration: 0.8ms | Allocations: 519)
  Rendered home/_header.html.erb (Duration: 0.1ms | Allocations: 59)
  Rendered layout layouts/application.html.erb (Duration: 2.7ms | Allocations: 2670)
Completed 200 OK in 4ms (Views: 3.0ms | ActiveRecord: 0.1ms | Allocations: 3456)


Started GET "/friends/1/edit" for ::1 at 2022-01-23 15:18:38 -0300
Processing by FriendsController#edit as HTML
  Parameters: {"id"=>"1"}
  [1m[36mFriend Load (0.1ms)[0m  [1m[34mSELECT "friends".* FROM "friends" WHERE "friends"."id" = ? LIMIT ?[0m  [["id", 1], ["LIMIT", 1]]
  ↳ app/controllers/friends_controller.rb:63:in `set_friend'
  Rendering layout layouts/application.html.erb
  Rendering friends/edit.html.erb within layouts/application
  Rendered friends/_form.html.erb (Duration: 1.9ms | Allocations: 1513)
  Rendered friends/edit.html.erb within layouts/application (Duration: 2.6ms | Allocations: 1907)
  Rendered home/_header.html.erb (Duration: 0.1ms | Allocations: 59)
  Rendered layout layouts/application.html.erb (Duration: 4.7ms | Allocations: 4058)
Completed 200 OK in 6ms (Views: 5.0ms | ActiveRecord: 0.1ms | Allocations: 4876)


Started PATCH "/friends/1" for ::1 at 2022-01-23 15:18:42 -0300
Processing by FriendsController#update as TURBO_STREAM
  Parameters: {"authenticity_token"=>"[FILTERED]", "friend"=>{"first_name"=>"Araceli", "last_name"=>"Levin", "email"=>"areligle@gmail.com", "phone"=>"2915277586", "twitter"=>"@unbiased_____"}, "commit"=>"Update Friend", "id"=>"1"}
  [1m[36mFriend Load (0.1ms)[0m  [1m[34mSELECT "friends".* FROM "friends" WHERE "friends"."id" = ? LIMIT ?[0m  [["id", 1], ["LIMIT", 1]]
  ↳ app/controllers/friends_controller.rb:63:in `set_friend'
  [1m[36mTRANSACTION (0.0ms)[0m  [1m[36mbegin transaction[0m
  ↳ app/controllers/friends_controller.rb:40:in `block in update'
  [1m[36mFriend Update (0.2ms)[0m  [1m[33mUPDATE "friends" SET "last_name" = ?, "updated_at" = ? WHERE "friends"."id" = ?[0m  [["last_name", "Levin"], ["updated_at", "2022-01-23 18:18:42.757900"], ["id", 1]]
  ↳ app/controllers/friends_controller.rb:40:in `block in update'
  [1m[36mTRANSACTION (4.9ms)[0m  [1m[36mcommit transaction[0m
  ↳ app/controllers/friends_controller.rb:40:in `block in update'
Redirected to http://localhost:3000/friends/1
Completed 302 Found in 10ms (ActiveRecord: 5.2ms | Allocations: 3180)


Started GET "/friends/1" for ::1 at 2022-01-23 15:18:42 -0300
Processing by FriendsController#show as TURBO_STREAM
  Parameters: {"id"=>"1"}
  [1m[36mFriend Load (0.1ms)[0m  [1m[34mSELECT "friends".* FROM "friends" WHERE "friends"."id" = ? LIMIT ?[0m  [["id", 1], ["LIMIT", 1]]
  ↳ app/controllers/friends_controller.rb:63:in `set_friend'
  Rendering layout layouts/application.html.erb
  Rendering friends/show.html.erb within layouts/application
  Rendered friends/_friend.html.erb (Duration: 0.1ms | Allocations: 32)
  Rendered friends/show.html.erb within layouts/application (Duration: 0.7ms | Allocations: 553)
  Rendered home/_header.html.erb (Duration: 0.1ms | Allocations: 59)
  Rendered layout layouts/application.html.erb (Duration: 2.5ms | Allocations: 2704)
Completed 200 OK in 4ms (Views: 2.8ms | ActiveRecord: 0.1ms | Allocations: 3469)


Started GET "/friends" for ::1 at 2022-01-23 15:18:47 -0300
Processing by FriendsController#index as HTML
  Rendering layout layouts/application.html.erb
  Rendering friends/index.html.erb within layouts/application
  [1m[36mFriend Load (0.1ms)[0m  [1m[34mSELECT "friends".* FROM "friends"[0m
  ↳ app/views/friends/index.html.erb:6
  Rendered friends/_friend.html.erb (Duration: 0.1ms | Allocations: 32)
  Rendered friends/index.html.erb within layouts/application (Duration: 1.3ms | Allocations: 984)
  Rendered home/_header.html.erb (Duration: 0.1ms | Allocations: 59)
  Rendered layout layouts/application.html.erb (Duration: 3.4ms | Allocations: 3143)
Completed 200 OK in 4ms (Views: 3.7ms | ActiveRecord: 0.1ms | Allocations: 3425)


Started GET "/" for ::1 at 2022-01-23 15:32:25 -0300
  [1m[35m (0.5ms)[0m  [1m[34mSELECT sqlite_version(*)[0m
  [1m[36mActiveRecord::SchemaMigration Pluck (0.3ms)[0m  [1m[34mSELECT "schema_migrations"."version" FROM "schema_migrations" ORDER BY "schema_migrations"."version" ASC[0m
Processing by HomeController#index as HTML
  Rendering layout layouts/application.html.erb
  Rendering home/index.html.erb within layouts/application
  Rendered home/index.html.erb within layouts/application (Duration: 0.5ms | Allocations: 458)
  Rendered home/_header.html.erb (Duration: 0.5ms | Allocations: 501)
  Rendered layout layouts/application.html.erb (Duration: 35.1ms | Allocations: 36071)
Completed 200 OK in 44ms (Views: 37.2ms | ActiveRecord: 0.0ms | Allocations: 42096)


Started GET "/" for ::1 at 2022-01-23 15:32:26 -0300
Processing by HomeController#index as HTML
  Rendering layout layouts/application.html.erb
  Rendering home/index.html.erb within layouts/application
  Rendered home/index.html.erb within layouts/application (Duration: 0.1ms | Allocations: 20)
  Rendered home/_header.html.erb (Duration: 0.2ms | Allocations: 104)
  Rendered layout layouts/application.html.erb (Duration: 3.6ms | Allocations: 2617)
Completed 200 OK in 4ms (Views: 4.0ms | ActiveRecord: 0.0ms | Allocations: 2950)


Started GET "/friends" for ::1 at 2022-01-23 15:32:27 -0300
Processing by FriendsController#index as HTML
  Rendering layout layouts/application.html.erb
  Rendering friends/index.html.erb within layouts/application
  [1m[36mFriend Load (0.2ms)[0m  [1m[34mSELECT "friends".* FROM "friends"[0m
  ↳ app/views/friends/index.html.erb:6
  Rendered friends/_friend.html.erb (Duration: 0.4ms | Allocations: 487)
  Rendered friends/index.html.erb within layouts/application (Duration: 8.9ms | Allocations: 11383)
  Rendered home/_header.html.erb (Duration: 0.1ms | Allocations: 92)
  Rendered layout layouts/application.html.erb (Duration: 11.0ms | Allocations: 13793)
Completed 200 OK in 14ms (Views: 11.3ms | ActiveRecord: 0.7ms | Allocations: 15726)


Started GET "/" for ::1 at 2022-01-23 15:32:29 -0300
Processing by HomeController#index as HTML
  Rendering layout layouts/application.html.erb
  Rendering home/index.html.erb within layouts/application
  Rendered home/index.html.erb within layouts/application (Duration: 0.1ms | Allocations: 18)
  Rendered home/_header.html.erb (Duration: 0.2ms | Allocations: 92)
  Rendered layout layouts/application.html.erb (Duration: 2.4ms | Allocations: 2472)
Completed 200 OK in 3ms (Views: 3.0ms | ActiveRecord: 0.0ms | Allocations: 2782)


Started GET "/" for ::1 at 2022-01-23 15:41:52 -0300
Processing by HomeController#index as HTML
  Rendering layout layouts/application.html.erb
  Rendering home/index.html.erb within layouts/application
  Rendered home/index.html.erb within layouts/application (Duration: 0.3ms | Allocations: 191)
  Rendered home/_header.html.erb (Duration: 0.9ms | Allocations: 509)
  Rendered layout layouts/application.html.erb (Duration: 4.5ms | Allocations: 3722)
Completed 200 OK in 6ms (Views: 5.7ms | Allocations: 4855)


Started GET "/friends/new" for ::1 at 2022-01-23 15:41:53 -0300
Processing by FriendsController#new as HTML
  Rendering layout layouts/application.html.erb
  Rendering friends/new.html.erb within layouts/application
  Rendered friends/_form.html.erb (Duration: 11.0ms | Allocations: 11975)
  Rendered friends/new.html.erb within layouts/application (Duration: 11.7ms | Allocations: 12439)
  Rendered home/_header.html.erb (Duration: 0.2ms | Allocations: 116)
  Rendered layout layouts/application.html.erb (Duration: 13.8ms | Allocations: 14855)
Completed 200 OK in 16ms (Views: 14.9ms | Allocations: 15864)


Started GET "/friends" for ::1 at 2022-01-23 15:41:55 -0300
Processing by FriendsController#index as HTML
  Rendering layout layouts/application.html.erb
  Rendering friends/index.html.erb within layouts/application
  [1m[35m (0.0ms)[0m  [1m[34mSELECT sqlite_version(*)[0m
  ↳ app/views/friends/index.html.erb:6
  [1m[36mFriend Load (0.1ms)[0m  [1m[34mSELECT "friends".* FROM "friends"[0m
  ↳ app/views/friends/index.html.erb:6
  Rendered friends/_friend.html.erb (Duration: 0.6ms | Allocations: 408)
  Rendered friends/index.html.erb within layouts/application (Duration: 3.9ms | Allocations: 2603)
  Rendered home/_header.html.erb (Duration: 0.2ms | Allocations: 105)
  Rendered layout layouts/application.html.erb (Duration: 7.9ms | Allocations: 4809)
Completed 200 OK in 9ms (Views: 8.3ms | ActiveRecord: 0.3ms | Allocations: 5231)


Started GET "/home/about" for ::1 at 2022-01-23 15:41:56 -0300
Processing by HomeController#about as HTML
  Rendering layout layouts/application.html.erb
  Rendering home/about.html.erb within layouts/application
  Rendered home/about.html.erb within layouts/application (Duration: 0.3ms | Allocations: 162)
  Rendered home/_header.html.erb (Duration: 0.2ms | Allocations: 115)
  Rendered layout layouts/application.html.erb (Duration: 2.6ms | Allocations: 2611)
Completed 200 OK in 3ms (Views: 2.8ms | ActiveRecord: 0.0ms | Allocations: 2939)


Started GET "/" for ::1 at 2022-01-23 15:41:57 -0300
Processing by HomeController#index as HTML
  Rendering layout layouts/application.html.erb
  Rendering home/index.html.erb within layouts/application
  Rendered home/index.html.erb within layouts/application (Duration: 0.0ms | Allocations: 18)
  Rendered home/_header.html.erb (Duration: 0.2ms | Allocations: 115)
  Rendered layout layouts/application.html.erb (Duration: 2.3ms | Allocations: 2460)
Completed 200 OK in 3ms (Views: 2.6ms | ActiveRecord: 0.0ms | Allocations: 2736)


Started GET "/" for ::1 at 2022-01-23 15:43:08 -0300
Processing by HomeController#index as HTML
  Rendering layout layouts/application.html.erb
  Rendering home/index.html.erb within layouts/application
  Rendered home/index.html.erb within layouts/application (Duration: 0.4ms | Allocations: 191)
  Rendered home/_header.html.erb (Duration: 0.8ms | Allocations: 508)
  Rendered layout layouts/application.html.erb (Duration: 4.7ms | Allocations: 3736)
Completed 200 OK in 7ms (Views: 6.2ms | ActiveRecord: 0.0ms | Allocations: 4874)


Started GET "/friends/new" for ::1 at 2022-01-23 15:43:09 -0300
Processing by FriendsController#new as HTML
  Rendering layout layouts/application.html.erb
  Rendering friends/new.html.erb within layouts/application
  Rendered friends/_form.html.erb (Duration: 2.2ms | Allocations: 2372)
  Rendered friends/new.html.erb within layouts/application (Duration: 2.7ms | Allocations: 2820)
  Rendered home/_header.html.erb (Duration: 0.2ms | Allocations: 116)
  Rendered layout layouts/application.html.erb (Duration: 6.0ms | Allocations: 5221)
Completed 200 OK in 7ms (Views: 7.0ms | ActiveRecord: 0.0ms | Allocations: 6206)


Started GET "/" for ::1 at 2022-01-23 15:43:11 -0300
Processing by HomeController#index as HTML
  Rendering layout layouts/application.html.erb
  Rendering home/index.html.erb within layouts/application
  Rendered home/index.html.erb within layouts/application (Duration: 0.0ms | Allocations: 18)
  Rendered home/_header.html.erb (Duration: 0.3ms | Allocations: 115)
  Rendered layout layouts/application.html.erb (Duration: 2.9ms | Allocations: 2459)
Completed 200 OK in 4ms (Views: 3.6ms | ActiveRecord: 0.0ms | Allocations: 2749)


Started GET "/friends/new" for ::1 at 2022-01-23 21:57:40 -0300
  [1m[35m (0.6ms)[0m  [1m[34mSELECT sqlite_version(*)[0m
  [1m[36mActiveRecord::SchemaMigration Pluck (0.2ms)[0m  [1m[34mSELECT "schema_migrations"."version" FROM "schema_migrations" ORDER BY "schema_migrations"."version" ASC[0m
Processing by FriendsController#new as HTML
  Rendering layout layouts/application.html.erb
  Rendering friends/new.html.erb within layouts/application
  Rendered friends/_form.html.erb (Duration: 6.6ms | Allocations: 5041)
  Rendered friends/new.html.erb within layouts/application (Duration: 7.5ms | Allocations: 5821)
  Rendered home/_header.html.erb (Duration: 0.5ms | Allocations: 481)
  Rendered layout layouts/application.html.erb (Duration: 43.8ms | Allocations: 41126)
Completed 200 OK in 55ms (Views: 45.5ms | ActiveRecord: 0.3ms | Allocations: 56725)


Started GET "/" for ::1 at 2022-01-23 22:11:33 -0300
Processing by HomeController#index as HTML
  Rendering layout layouts/application.html.erb
  Rendering home/index.html.erb within layouts/application
  Rendered home/index.html.erb within layouts/application (Duration: 0.3ms | Allocations: 191)
  Rendered home/_header.html.erb (Duration: 0.2ms | Allocations: 161)
  Rendered layout layouts/application.html.erb (Duration: 2.7ms | Allocations: 2965)
Completed 200 OK in 4ms (Views: 3.7ms | Allocations: 4094)


Started GET "/" for ::1 at 2022-01-23 22:33:15 -0300
Processing by HomeController#index as HTML
  Rendering layout layouts/application.html.erb
  Rendering home/index.html.erb within layouts/application
  Rendered home/index.html.erb within layouts/application (Duration: 0.0ms | Allocations: 18)
  Rendered home/_header.html.erb (Duration: 0.1ms | Allocations: 115)
  Rendered layout layouts/application.html.erb (Duration: 2.1ms | Allocations: 2466)
Completed 200 OK in 3ms (Views: 2.4ms | Allocations: 2753)


Started GET "/" for ::1 at 2022-01-23 22:33:15 -0300
Processing by HomeController#index as HTML
  Rendering layout layouts/application.html.erb
  Rendering home/index.html.erb within layouts/application
  Rendered home/index.html.erb within layouts/application (Duration: 0.0ms | Allocations: 18)
  Rendered home/_header.html.erb (Duration: 0.1ms | Allocations: 115)
  Rendered layout layouts/application.html.erb (Duration: 2.0ms | Allocations: 2462)
Completed 200 OK in 2ms (Views: 2.3ms | Allocations: 2729)


Started GET "/friends/new" for ::1 at 2022-01-23 22:33:17 -0300
Processing by FriendsController#new as HTML
  Rendering layout layouts/application.html.erb
  Rendering friends/new.html.erb within layouts/application
  Rendered friends/_form.html.erb (Duration: 1.9ms | Allocations: 1423)
  Rendered friends/new.html.erb within layouts/application (Duration: 2.2ms | Allocations: 1522)
  Rendered home/_header.html.erb (Duration: 0.3ms | Allocations: 105)
  Rendered layout layouts/application.html.erb (Duration: 6.0ms | Allocations: 3727)
Completed 200 OK in 7ms (Views: 6.5ms | Allocations: 4025)


Started POST "/friends" for ::1 at 2022-01-23 22:33:41 -0300
Processing by FriendsController#create as TURBO_STREAM
  Parameters: {"authenticity_token"=>"[FILTERED]", "friend"=>{"first_name"=>"Valen", "last_name"=>"Bruno", "email"=>"latinalatina@gmail.com", "phone"=>"1234567", "twitter"=>"latinalatina"}, "commit"=>"Create Friend"}
  [1m[35m (0.1ms)[0m  [1m[34mSELECT sqlite_version(*)[0m
  ↳ app/controllers/friends_controller.rb:27:in `block in create'
  [1m[36mTRANSACTION (0.0ms)[0m  [1m[36mbegin transaction[0m
  ↳ app/controllers/friends_controller.rb:27:in `block in create'
  [1m[36mFriend Create (0.5ms)[0m  [1m[32mINSERT INTO "friends" ("first_name", "last_name", "email", "phone", "twitter", "created_at", "updated_at") VALUES (?, ?, ?, ?, ?, ?, ?)[0m  [["first_name", "Valen"], ["last_name", "Bruno"], ["email", "latinalatina@gmail.com"], ["phone", "1234567"], ["twitter", "latinalatina"], ["created_at", "2022-01-24 01:33:41.519187"], ["updated_at", "2022-01-24 01:33:41.519187"]]
  ↳ app/controllers/friends_controller.rb:27:in `block in create'
  [1m[36mTRANSACTION (2.7ms)[0m  [1m[36mcommit transaction[0m
  ↳ app/controllers/friends_controller.rb:27:in `block in create'
Redirected to http://localhost:3000/friends/2
Completed 302 Found in 9ms (ActiveRecord: 3.4ms | Allocations: 4578)


Started GET "/friends/2" for ::1 at 2022-01-23 22:33:41 -0300
Processing by FriendsController#show as TURBO_STREAM
  Parameters: {"id"=>"2"}
  [1m[36mFriend Load (0.1ms)[0m  [1m[34mSELECT "friends".* FROM "friends" WHERE "friends"."id" = ? LIMIT ?[0m  [["id", 2], ["LIMIT", 1]]
  ↳ app/controllers/friends_controller.rb:63:in `set_friend'
  Rendering layout layouts/application.html.erb
  Rendering friends/show.html.erb within layouts/application
  Rendered friends/_friend.html.erb (Duration: 0.4ms | Allocations: 467)
  Rendered friends/show.html.erb within layouts/application (Duration: 1.9ms | Allocations: 1881)
  Rendered home/_header.html.erb (Duration: 0.1ms | Allocations: 105)
  Rendered layout layouts/application.html.erb (Duration: 3.7ms | Allocations: 4189)
Completed 200 OK in 6ms (Views: 4.0ms | ActiveRecord: 0.1ms | Allocations: 7245)


Started GET "/friends" for ::1 at 2022-01-23 22:35:43 -0300
Processing by FriendsController#index as HTML
  Rendering layout layouts/application.html.erb
  Rendering friends/index.html.erb within layouts/application
  [1m[36mFriend Load (0.1ms)[0m  [1m[34mSELECT "friends".* FROM "friends"[0m
  ↳ app/views/friends/index.html.erb:6
  Rendered friends/_friend.html.erb (Duration: 0.1ms | Allocations: 32)
  Rendered friends/_friend.html.erb (Duration: 0.1ms | Allocations: 31)
  Rendered friends/index.html.erb within layouts/application (Duration: 2.2ms | Allocations: 1675)
  Rendered home/_header.html.erb (Duration: 0.1ms | Allocations: 105)
  Rendered layout layouts/application.html.erb (Duration: 4.1ms | Allocations: 3883)
Completed 200 OK in 5ms (Views: 4.3ms | ActiveRecord: 0.1ms | Allocations: 4291)


Started GET "/" for ::1 at 2022-01-23 22:38:07 -0300
Processing by HomeController#index as HTML
  Rendering layout layouts/application.html.erb
  Rendering home/index.html.erb within layouts/application
  Rendered home/index.html.erb within layouts/application (Duration: 0.0ms | Allocations: 18)
  Rendered home/_header.html.erb (Duration: 0.2ms | Allocations: 115)
  Rendered layout layouts/application.html.erb (Duration: 2.7ms | Allocations: 2459)
Completed 200 OK in 4ms (Views: 3.1ms | ActiveRecord: 0.0ms | Allocations: 2732)


Started GET "/friends" for ::1 at 2022-01-23 22:40:10 -0300
Processing by FriendsController#index as HTML
  Rendering layout layouts/application.html.erb
  Rendering friends/index.html.erb within layouts/application
  [1m[36mFriend Load (0.1ms)[0m  [1m[34mSELECT "friends".* FROM "friends"[0m
  ↳ app/views/friends/index.html.erb:6
  Rendered friends/_friend.html.erb (Duration: 0.1ms | Allocations: 32)
  Rendered friends/_friend.html.erb (Duration: 0.0ms | Allocations: 31)
  Rendered friends/index.html.erb within layouts/application (Duration: 1.9ms | Allocations: 1119)
  Rendered home/_header.html.erb (Duration: 0.1ms | Allocations: 105)
  Rendered layout layouts/application.html.erb (Duration: 4.3ms | Allocations: 3324)
Completed 200 OK in 5ms (Views: 4.8ms | ActiveRecord: 0.1ms | Allocations: 3606)


Started GET "/friends" for ::1 at 2022-01-23 22:49:24 -0300
Processing by FriendsController#index as HTML
  Rendering layout layouts/application.html.erb
  Rendering friends/index.html.erb within layouts/application
  [1m[35m (0.1ms)[0m  [1m[34mSELECT sqlite_version(*)[0m
  ↳ app/views/friends/index.html.erb:20
  [1m[36mFriend Load (0.1ms)[0m  [1m[34mSELECT "friends".* FROM "friends"[0m
  ↳ app/views/friends/index.html.erb:20
  Rendered friends/_friend.html.erb (Duration: 0.8ms | Allocations: 412)
  Rendered friends/_friend.html.erb (Duration: 0.2ms | Allocations: 31)
  Rendered friends/index.html.erb within layouts/application (Duration: 5.4ms | Allocations: 2883)
  Rendered home/_header.html.erb (Duration: 0.4ms | Allocations: 469)
  Rendered layout layouts/application.html.erb (Duration: 8.4ms | Allocations: 6079)
Completed 200 OK in 11ms (Views: 9.8ms | ActiveRecord: 0.5ms | Allocations: 7240)


Started GET "/friends" for ::1 at 2022-01-23 22:54:28 -0300
Processing by FriendsController#index as HTML
  Rendering layout layouts/application.html.erb
  Rendering friends/index.html.erb within layouts/application
  [1m[36mFriend Load (0.1ms)[0m  [1m[34mSELECT "friends".* FROM "friends"[0m
  ↳ app/views/friends/index.html.erb:20
  Rendered friends/_friend.html.erb (Duration: 0.6ms | Allocations: 412)
  Rendered friends/_friend.html.erb (Duration: 0.1ms | Allocations: 31)
  Rendered friends/index.html.erb within layouts/application (Duration: 3.5ms | Allocations: 2257)
  Rendered home/_header.html.erb (Duration: 0.9ms | Allocations: 469)
  Rendered layout layouts/application.html.erb (Duration: 9.3ms | Allocations: 5453)
Completed 200 OK in 12ms (Views: 10.7ms | ActiveRecord: 0.1ms | Allocations: 6641)


Started GET "/friends/2" for ::1 at 2022-01-23 22:54:32 -0300
Processing by FriendsController#show as HTML
  Parameters: {"id"=>"2"}
  [1m[36mFriend Load (0.1ms)[0m  [1m[34mSELECT "friends".* FROM "friends" WHERE "friends"."id" = ? LIMIT ?[0m  [["id", 2], ["LIMIT", 1]]
  ↳ app/controllers/friends_controller.rb:63:in `set_friend'
  Rendering layout layouts/application.html.erb
  Rendering friends/show.html.erb within layouts/application
  Rendered friends/_friend.html.erb (Duration: 0.1ms | Allocations: 32)
  Rendered friends/show.html.erb within layouts/application (Duration: 1.4ms | Allocations: 851)
  Rendered home/_header.html.erb (Duration: 0.3ms | Allocations: 105)
  Rendered layout layouts/application.html.erb (Duration: 5.1ms | Allocations: 3048)
Completed 200 OK in 7ms (Views: 5.6ms | ActiveRecord: 0.1ms | Allocations: 3964)


Started GET "/friends" for ::1 at 2022-01-23 22:55:49 -0300
Processing by FriendsController#index as HTML
  Rendering layout layouts/application.html.erb
  Rendering friends/index.html.erb within layouts/application
  [1m[36mFriend Load (0.1ms)[0m  [1m[34mSELECT "friends".* FROM "friends"[0m
  ↳ app/views/friends/index.html.erb:4
  Rendered friends/index.html.erb within layouts/application (Duration: 40.5ms | Allocations: 15880)
  Rendered layout layouts/application.html.erb (Duration: 41.6ms | Allocations: 15986)
Completed 500 Internal Server Error in 44ms (ActiveRecord: 0.1ms | Allocations: 17157)


  
ActionView::Template::Error (undefined method `user' for #<Friend id: 1, first_name: "Araceli", last_name: "Levin", email: "areligle@gmail.com", phone: "2915277586", twitter: "@unbiased_____", created_at: "2022-01-23 18:18:15.062271000 +0000", updated_at: "2022-01-23 18:18:42.757900000 +0000">):
    2: 
    3:     <tbody>
    4:       <% @friends.each do |friend| %>
    5:         <% if friend.user == current_user %>
    6:         <tr>
    7:           <td>
    8: <%= link_to friend.first_name + ' ' + friend.last_name, friend %>
  
app/views/friends/index.html.erb:5
app/views/friends/index.html.erb:4
Started GET "/friends" for ::1 at 2022-01-23 22:56:23 -0300
Processing by FriendsController#index as HTML
  Rendering layout layouts/application.html.erb
  Rendering friends/index.html.erb within layouts/application
  Rendered friends/index.html.erb within layouts/application (Duration: 1.2ms | Allocations: 1315)
  Rendered layout layouts/application.html.erb (Duration: 1.5ms | Allocations: 1410)
Completed 500 Internal Server Error in 4ms (ActiveRecord: 0.0ms | Allocations: 2584)


  
ActionView::SyntaxErrorInTemplate (Encountered a syntax error while rendering template: check <p style="color: green"><%= notice %></p>

    <tbody>
      <% @friends.each do |friend| %>

          <td>
<%= link_to friend.first_name + ' ' + friend.last_name, friend %>


          </td>
          
          <td><%= friend.email %></td>
          <td><%= friend.phone %></td>
          <td><%= friend.twitter %></td>
          
          
          
          
          
          <td><%= link_to 'Delete', friend, method: :delete, data: { confirm: 'Are you sure?' }, class: "btn btn-outline-danger btn-sm" %></td>
          
        </tr>
        <% end %>
      <% end %>
    </tbody>
  </table>






):
1:    <p style="color: green"><%= notice %></p>
2:    
3:        <tbody>
4:          <% @friends.each do |friend| %>
5:    
6:              <td>
7:    <%= link_to friend.first_name + ' ' + friend.last_name, friend %>
8:    
9:    
10:              </td>
11:              
12:              <td><%= friend.email %></td>
13:              <td><%= friend.phone %></td>
14:              <td><%= friend.twitter %></td>
15:              
16:              
17:              
18:              
19:              
20:              <td><%= link_to 'Delete', friend, method: :delete, data: { confirm: 'Are you sure?' }, class: "btn btn-outline-danger btn-sm" %></td>
21:              
22:            </tr>
23:            <% end %>
24:          <% end %>
25:        </tbody>
26:      </table>
  
app/views/friends/index.html.erb:34: syntax error, unexpected `end', expecting end-of-input
app/views/friends/index.html.erb:34: syntax error, unexpected `end', expecting end-of-input
app/views/friends/index.html.erb:34: syntax error, unexpected `end', expecting end-of-input
app/views/friends/index.html.erb:34: syntax error, unexpected `end', expecting end-of-input
app/views/friends/index.html.erb:34: syntax error, unexpected `end', expecting end-of-input
app/views/friends/index.html.erb:34: syntax error, unexpected `end', expecting end-of-input
Started GET "/friends" for ::1 at 2022-01-23 22:56:43 -0300
Processing by FriendsController#index as HTML
  Rendering layout layouts/application.html.erb
  Rendering friends/index.html.erb within layouts/application
  [1m[36mFriend Load (0.2ms)[0m  [1m[34mSELECT "friends".* FROM "friends"[0m
  ↳ app/views/friends/index.html.erb:20
  Rendered friends/_friend.html.erb (Duration: 0.5ms | Allocations: 412)
  Rendered friends/_friend.html.erb (Duration: 0.0ms | Allocations: 31)
  Rendered friends/index.html.erb within layouts/application (Duration: 4.7ms | Allocations: 2224)
  Rendered home/_header.html.erb (Duration: 0.5ms | Allocations: 469)
  Rendered layout layouts/application.html.erb (Duration: 7.9ms | Allocations: 5435)
Completed 200 OK in 10ms (Views: 9.1ms | ActiveRecord: 0.2ms | Allocations: 6621)


Started GET "/friends" for ::1 at 2022-01-23 23:17:33 -0300
Processing by FriendsController#index as HTML
  Rendering layout layouts/application.html.erb
  Rendering friends/index.html.erb within layouts/application
  [1m[35m (0.0ms)[0m  [1m[34mSELECT sqlite_version(*)[0m
  ↳ app/views/friends/index.html.erb:19
  [1m[36mFriend Load (0.1ms)[0m  [1m[34mSELECT "friends".* FROM "friends"[0m
  ↳ app/views/friends/index.html.erb:19
  Rendered friends/_friend.html.erb (Duration: 0.5ms | Allocations: 404)
  Rendered friends/_friend.html.erb (Duration: 0.0ms | Allocations: 26)
  Rendered friends/index.html.erb within layouts/application (Duration: 5.3ms | Allocations: 4221)
  Rendered home/_header.html.erb (Duration: 0.7ms | Allocations: 469)
  Rendered layout layouts/application.html.erb (Duration: 18.1ms | Allocations: 7417)
Completed 200 OK in 20ms (Views: 19.1ms | ActiveRecord: 0.3ms | Allocations: 8601)


Started GET "/friends" for ::1 at 2022-01-23 23:31:37 -0300
Processing by FriendsController#index as HTML
  Rendering layout layouts/application.html.erb
  Rendering friends/index.html.erb within layouts/application
  [1m[35m (0.0ms)[0m  [1m[34mSELECT sqlite_version(*)[0m
  ↳ app/views/friends/index.html.erb:16
  [1m[36mFriend Load (0.1ms)[0m  [1m[34mSELECT "friends".* FROM "friends"[0m
  ↳ app/views/friends/index.html.erb:16
  Rendered friends/_friend.html.erb (Duration: 0.4ms | Allocations: 404)
  Rendered friends/_friend.html.erb (Duration: 0.1ms | Allocations: 26)
  Rendered friends/index.html.erb within layouts/application (Duration: 4.1ms | Allocations: 3766)
  Rendered home/_header.html.erb (Duration: 1.8ms | Allocations: 469)
  Rendered layout layouts/application.html.erb (Duration: 13.9ms | Allocations: 6962)
Completed 200 OK in 16ms (Views: 15.1ms | ActiveRecord: 0.2ms | Allocations: 8146)


Started GET "/friends/2" for ::1 at 2022-01-23 23:31:56 -0300
Processing by FriendsController#show as HTML
  Parameters: {"id"=>"2"}
  [1m[36mFriend Load (0.1ms)[0m  [1m[34mSELECT "friends".* FROM "friends" WHERE "friends"."id" = ? LIMIT ?[0m  [["id", 2], ["LIMIT", 1]]
  ↳ app/controllers/friends_controller.rb:63:in `set_friend'
  Rendering layout layouts/application.html.erb
  Rendering friends/show.html.erb within layouts/application
  Rendered friends/_friend.html.erb (Duration: 0.9ms | Allocations: 412)
  Rendered friends/show.html.erb within layouts/application (Duration: 6.4ms | Allocations: 1493)
  Rendered home/_header.html.erb (Duration: 0.7ms | Allocations: 469)
  Rendered layout layouts/application.html.erb (Duration: 11.4ms | Allocations: 4664)
Completed 200 OK in 16ms (Views: 13.4ms | ActiveRecord: 0.1ms | Allocations: 6387)


Started GET "/home/about" for ::1 at 2022-01-23 23:31:58 -0300
Processing by HomeController#about as HTML
  Rendering layout layouts/application.html.erb
  Rendering home/about.html.erb within layouts/application
  Rendered home/about.html.erb within layouts/application (Duration: 0.2ms | Allocations: 188)
  Rendered home/_header.html.erb (Duration: 0.2ms | Allocations: 155)
  Rendered layout layouts/application.html.erb (Duration: 3.2ms | Allocations: 2947)
Completed 200 OK in 4ms (Views: 4.0ms | ActiveRecord: 0.0ms | Allocations: 3909)


Started GET "/friends" for ::1 at 2022-01-23 23:31:58 -0300
Processing by FriendsController#index as HTML
  Rendering layout layouts/application.html.erb
  Rendering friends/index.html.erb within layouts/application
  [1m[36mFriend Load (0.2ms)[0m  [1m[34mSELECT "friends".* FROM "friends"[0m
  ↳ app/views/friends/index.html.erb:16
  Rendered friends/index.html.erb within layouts/application (Duration: 4.6ms | Allocations: 2001)
  Rendered home/_header.html.erb (Duration: 0.2ms | Allocations: 106)
  Rendered layout layouts/application.html.erb (Duration: 7.3ms | Allocations: 4211)
Completed 200 OK in 9ms (Views: 7.8ms | ActiveRecord: 0.2ms | Allocations: 4610)


Started GET "/friends" for ::1 at 2022-01-23 23:33:30 -0300
Processing by FriendsController#index as HTML
  Rendering layout layouts/application.html.erb
  Rendering friends/index.html.erb within layouts/application
  [1m[36mFriend Load (0.2ms)[0m  [1m[34mSELECT "friends".* FROM "friends"[0m
  ↳ app/views/friends/index.html.erb:17
  Rendered friends/index.html.erb within layouts/application (Duration: 9.4ms | Allocations: 2162)
  Rendered home/_header.html.erb (Duration: 1.4ms | Allocations: 474)
  Rendered layout layouts/application.html.erb (Duration: 15.1ms | Allocations: 5373)
Completed 200 OK in 19ms (Views: 17.6ms | ActiveRecord: 0.2ms | Allocations: 6538)


Started GET "/friends" for ::1 at 2022-01-23 23:35:02 -0300
Processing by FriendsController#index as HTML
  Rendering layout layouts/application.html.erb
  Rendering friends/index.html.erb within layouts/application
  [1m[36mFriend Load (0.3ms)[0m  [1m[34mSELECT "friends".* FROM "friends"[0m
  ↳ app/views/friends/index.html.erb:17
  Rendered friends/index.html.erb within layouts/application (Duration: 13.4ms | Allocations: 1834)
  Rendered home/_header.html.erb (Duration: 0.5ms | Allocations: 474)
  Rendered layout layouts/application.html.erb (Duration: 19.0ms | Allocations: 5311)
Completed 200 OK in 22ms (Views: 20.4ms | ActiveRecord: 0.3ms | Allocations: 6499)


Started GET "/friends" for ::1 at 2022-01-23 23:35:38 -0300
Processing by FriendsController#index as HTML
  Rendering layout layouts/application.html.erb
  Rendering friends/index.html.erb within layouts/application
  [1m[36mFriend Load (0.1ms)[0m  [1m[34mSELECT "friends".* FROM "friends"[0m
  ↳ app/views/friends/index.html.erb:17
  Rendered friends/index.html.erb within layouts/application (Duration: 3.4ms | Allocations: 2152)
  Rendered home/_header.html.erb (Duration: 0.9ms | Allocations: 474)
  Rendered layout layouts/application.html.erb (Duration: 8.4ms | Allocations: 5363)
Completed 200 OK in 10ms (Views: 9.3ms | ActiveRecord: 0.1ms | Allocations: 6551)


Started GET "/friends?data%5Bconfirm%5D=Are+you+sure%3F&method=delete" for ::1 at 2022-01-23 23:38:38 -0300
Processing by FriendsController#index as HTML
  Parameters: {"data"=>{"confirm"=>"Are you sure?"}, "method"=>"delete"}
  Rendering layout layouts/application.html.erb
  Rendering friends/index.html.erb within layouts/application
  [1m[36mFriend Load (0.1ms)[0m  [1m[34mSELECT "friends".* FROM "friends"[0m
  ↳ app/views/friends/index.html.erb:17
  Rendered friends/index.html.erb within layouts/application (Duration: 2.3ms | Allocations: 1323)
  Rendered home/_header.html.erb (Duration: 0.2ms | Allocations: 106)
  Rendered layout layouts/application.html.erb (Duration: 7.2ms | Allocations: 3544)
Completed 200 OK in 8ms (Views: 7.6ms | ActiveRecord: 0.1ms | Allocations: 3850)


Started GET "/friends?data%5Bconfirm%5D=Are+you+sure%3F&method=delete" for ::1 at 2022-01-23 23:38:42 -0300
Processing by FriendsController#index as HTML
  Parameters: {"data"=>{"confirm"=>"Are you sure?"}, "method"=>"delete"}
  Rendering layout layouts/application.html.erb
  Rendering friends/index.html.erb within layouts/application
  [1m[36mFriend Load (0.1ms)[0m  [1m[34mSELECT "friends".* FROM "friends"[0m
  ↳ app/views/friends/index.html.erb:17
  Rendered friends/index.html.erb within layouts/application (Duration: 1.7ms | Allocations: 1329)
  Rendered home/_header.html.erb (Duration: 0.2ms | Allocations: 106)
  Rendered layout layouts/application.html.erb (Duration: 4.6ms | Allocations: 3539)
Completed 200 OK in 5ms (Views: 4.9ms | ActiveRecord: 0.1ms | Allocations: 3821)


Started GET "/friends?data%5Bconfirm%5D=Are+you+sure%3F&method=delete" for ::1 at 2022-01-23 23:38:43 -0300
Processing by FriendsController#index as HTML
  Parameters: {"data"=>{"confirm"=>"Are you sure?"}, "method"=>"delete"}
  Rendering layout layouts/application.html.erb
  Rendering friends/index.html.erb within layouts/application
  [1m[36mFriend Load (0.4ms)[0m  [1m[34mSELECT "friends".* FROM "friends"[0m
  ↳ app/views/friends/index.html.erb:17
  Rendered friends/index.html.erb within layouts/application (Duration: 2.5ms | Allocations: 1317)
  Rendered home/_header.html.erb (Duration: 0.1ms | Allocations: 106)
  Rendered layout layouts/application.html.erb (Duration: 4.9ms | Allocations: 3527)
Completed 200 OK in 6ms (Views: 4.8ms | ActiveRecord: 0.4ms | Allocations: 3809)


Started GET "/friends?data%5Bconfirm%5D=Are+you+sure%3F&method=delete" for ::1 at 2022-01-23 23:39:30 -0300
Processing by FriendsController#index as HTML
  Parameters: {"data"=>{"confirm"=>"Are you sure?"}, "method"=>"delete"}
  Rendering layout layouts/application.html.erb
  Rendering friends/index.html.erb within layouts/application
  [1m[36mFriend Load (0.1ms)[0m  [1m[34mSELECT "friends".* FROM "friends"[0m
  ↳ app/views/friends/index.html.erb:17
  Rendered friends/index.html.erb within layouts/application (Duration: 2.3ms | Allocations: 2151)
  Rendered home/_header.html.erb (Duration: 0.6ms | Allocations: 474)
  Rendered layout layouts/application.html.erb (Duration: 7.8ms | Allocations: 5362)
Completed 200 OK in 10ms (Views: 9.5ms | ActiveRecord: 0.1ms | Allocations: 6529)


Started GET "/friends?data%5Bconfirm%5D=Are+you+sure%3F&method=delete" for ::1 at 2022-01-23 23:46:35 -0300
Processing by FriendsController#index as HTML
  Parameters: {"data"=>{"confirm"=>"Are you sure?"}, "method"=>"delete"}
  Rendering layout layouts/application.html.erb
  Rendering friends/index.html.erb within layouts/application
  [1m[35m (0.1ms)[0m  [1m[34mSELECT sqlite_version(*)[0m
  ↳ app/views/friends/index.html.erb:17
  [1m[36mFriend Load (0.1ms)[0m  [1m[34mSELECT "friends".* FROM "friends"[0m
  ↳ app/views/friends/index.html.erb:17
  Rendered friends/index.html.erb within layouts/application (Duration: 5.2ms | Allocations: 3525)
  Rendered layout layouts/application.html.erb (Duration: 5.5ms | Allocations: 3619)
Completed 500 Internal Server Error in 8ms (ActiveRecord: 0.4ms | Allocations: 4777)


  
ActionView::Template::Error (No route matches {:action=>"show", :controller=>"friends"}, missing required keys: [:id]
Did you mean?  friend_url):
    21:       <td> <%= friend.email %> </td>
    22:       <td> <%= friend.phone %> </td>
    23:       <td> <%= friend.twitter %> </td>
    24:       <td> <%= link_to 'Show', friend_path %> </td>
    25:       <td> <%= link_to 'Edit', edit_friend_path(friend)%></td>
    26:       <td><%= link_to 'Delete', method: :delete, data: { confirm: 'Are you sure?' } %> </td>
    27:     </tr> 
  
app/views/friends/index.html.erb:24
app/views/friends/index.html.erb:17
Started GET "/friends?data%5Bconfirm%5D=Are+you+sure%3F&method=delete" for ::1 at 2022-01-23 23:46:48 -0300
Processing by FriendsController#index as HTML
  Parameters: {"data"=>{"confirm"=>"Are you sure?"}, "method"=>"delete"}
  Rendering layout layouts/application.html.erb
  Rendering friends/index.html.erb within layouts/application
  [1m[36mFriend Load (0.1ms)[0m  [1m[34mSELECT "friends".* FROM "friends"[0m
  ↳ app/views/friends/index.html.erb:17
  Rendered friends/index.html.erb within layouts/application (Duration: 4.7ms | Allocations: 2154)
  Rendered home/_header.html.erb (Duration: 3.3ms | Allocations: 474)
  Rendered layout layouts/application.html.erb (Duration: 15.6ms | Allocations: 5380)
Completed 200 OK in 19ms (Views: 17.9ms | ActiveRecord: 0.1ms | Allocations: 6566)


Started GET "/friends/1" for ::1 at 2022-01-23 23:46:49 -0300
Processing by FriendsController#show as HTML
  Parameters: {"id"=>"1"}
  [1m[36mFriend Load (0.3ms)[0m  [1m[34mSELECT "friends".* FROM "friends" WHERE "friends"."id" = ? LIMIT ?[0m  [["id", 1], ["LIMIT", 1]]
  ↳ app/controllers/friends_controller.rb:63:in `set_friend'
  Rendering layout layouts/application.html.erb
  Rendering friends/show.html.erb within layouts/application
  Rendered friends/_friend.html.erb (Duration: 0.8ms | Allocations: 407)
  Rendered friends/show.html.erb within layouts/application (Duration: 2.4ms | Allocations: 1321)
  Rendered home/_header.html.erb (Duration: 0.2ms | Allocations: 105)
  Rendered layout layouts/application.html.erb (Duration: 5.0ms | Allocations: 3518)
Completed 200 OK in 8ms (Views: 5.8ms | ActiveRecord: 0.3ms | Allocations: 4426)


Started GET "/friends" for ::1 at 2022-01-23 23:46:51 -0300
Processing by FriendsController#index as HTML
  Rendering layout layouts/application.html.erb
  Rendering friends/index.html.erb within layouts/application
  [1m[36mFriend Load (0.1ms)[0m  [1m[34mSELECT "friends".* FROM "friends"[0m
  ↳ app/views/friends/index.html.erb:17
  Rendered friends/index.html.erb within layouts/application (Duration: 2.2ms | Allocations: 1323)
  Rendered home/_header.html.erb (Duration: 1.2ms | Allocations: 106)
  Rendered layout layouts/application.html.erb (Duration: 12.2ms | Allocations: 3533)
Completed 200 OK in 14ms (Views: 13.0ms | ActiveRecord: 0.1ms | Allocations: 3817)


Started GET "/friends/1/edit" for ::1 at 2022-01-23 23:46:52 -0300
Processing by FriendsController#edit as HTML
  Parameters: {"id"=>"1"}
  [1m[36mFriend Load (0.1ms)[0m  [1m[34mSELECT "friends".* FROM "friends" WHERE "friends"."id" = ? LIMIT ?[0m  [["id", 1], ["LIMIT", 1]]
  ↳ app/controllers/friends_controller.rb:63:in `set_friend'
  Rendering layout layouts/application.html.erb
  Rendering friends/edit.html.erb within layouts/application
  Rendered friends/_form.html.erb (Duration: 7.0ms | Allocations: 2333)
  Rendered friends/edit.html.erb within layouts/application (Duration: 7.7ms | Allocations: 2779)
  Rendered home/_header.html.erb (Duration: 0.2ms | Allocations: 105)
  Rendered layout layouts/application.html.erb (Duration: 10.6ms | Allocations: 4976)
Completed 200 OK in 12ms (Views: 10.9ms | ActiveRecord: 0.1ms | Allocations: 5792)


Started GET "/friends" for ::1 at 2022-01-23 23:46:54 -0300
Processing by FriendsController#index as HTML
  Rendering layout layouts/application.html.erb
  Rendering friends/index.html.erb within layouts/application
  [1m[36mFriend Load (0.2ms)[0m  [1m[34mSELECT "friends".* FROM "friends"[0m
  ↳ app/views/friends/index.html.erb:17
  Rendered friends/index.html.erb within layouts/application (Duration: 6.0ms | Allocations: 1311)
  Rendered home/_header.html.erb (Duration: 0.2ms | Allocations: 106)
  Rendered layout layouts/application.html.erb (Duration: 14.7ms | Allocations: 3521)
Completed 200 OK in 16ms (Views: 14.9ms | ActiveRecord: 0.2ms | Allocations: 3803)


Started GET "/friends" for ::1 at 2022-01-23 23:47:38 -0300
Processing by FriendsController#index as HTML
  Rendering layout layouts/application.html.erb
  Rendering friends/index.html.erb within layouts/application
  [1m[36mFriend Load (0.3ms)[0m  [1m[34mSELECT "friends".* FROM "friends"[0m
  ↳ app/views/friends/index.html.erb:17
  Rendered friends/index.html.erb within layouts/application (Duration: 3.7ms | Allocations: 1317)
  Rendered home/_header.html.erb (Duration: 0.3ms | Allocations: 106)
  Rendered layout layouts/application.html.erb (Duration: 6.1ms | Allocations: 3527)
Completed 200 OK in 7ms (Views: 6.2ms | ActiveRecord: 0.3ms | Allocations: 3806)


Started GET "/friends" for ::1 at 2022-01-23 23:48:00 -0300
Processing by FriendsController#index as HTML
  Rendering layout layouts/application.html.erb
  Rendering friends/index.html.erb within layouts/application
  [1m[36mFriend Load (0.2ms)[0m  [1m[34mSELECT "friends".* FROM "friends"[0m
  ↳ app/views/friends/index.html.erb:17
  Rendered friends/index.html.erb within layouts/application (Duration: 4.8ms | Allocations: 2150)
  Rendered home/_header.html.erb (Duration: 0.6ms | Allocations: 474)
  Rendered layout layouts/application.html.erb (Duration: 9.6ms | Allocations: 5361)
Completed 200 OK in 12ms (Views: 10.8ms | ActiveRecord: 0.2ms | Allocations: 6526)


Started GET "/friends" for ::1 at 2022-01-23 23:48:40 -0300
Processing by FriendsController#index as HTML
  Rendering layout layouts/application.html.erb
  Rendering friends/index.html.erb within layouts/application
  [1m[36mFriend Load (0.1ms)[0m  [1m[34mSELECT "friends".* FROM "friends"[0m
  ↳ app/views/friends/index.html.erb:17
  Rendered friends/index.html.erb within layouts/application (Duration: 10.4ms | Allocations: 2148)
  Rendered home/_header.html.erb (Duration: 3.5ms | Allocations: 474)
  Rendered layout layouts/application.html.erb (Duration: 27.2ms | Allocations: 5374)
Completed 200 OK in 29ms (Views: 28.7ms | ActiveRecord: 0.1ms | Allocations: 6565)


Started GET "/friends" for ::1 at 2022-01-23 23:48:43 -0300
Processing by FriendsController#index as HTML
  Rendering layout layouts/application.html.erb
  Rendering friends/index.html.erb within layouts/application
  [1m[36mFriend Load (0.1ms)[0m  [1m[34mSELECT "friends".* FROM "friends"[0m
  ↳ app/views/friends/index.html.erb:17
  Rendered friends/index.html.erb within layouts/application (Duration: 2.2ms | Allocations: 1329)
  Rendered home/_header.html.erb (Duration: 0.5ms | Allocations: 106)
  Rendered layout layouts/application.html.erb (Duration: 4.8ms | Allocations: 3539)
Completed 200 OK in 5ms (Views: 5.0ms | ActiveRecord: 0.1ms | Allocations: 3841)


Started GET "/friends" for ::1 at 2022-01-23 23:48:58 -0300
Processing by FriendsController#index as HTML
  Rendering layout layouts/application.html.erb
  Rendering friends/index.html.erb within layouts/application
  [1m[36mFriend Load (0.1ms)[0m  [1m[34mSELECT "friends".* FROM "friends"[0m
  ↳ app/views/friends/index.html.erb:17
  Rendered friends/index.html.erb within layouts/application (Duration: 2.2ms | Allocations: 2165)
  Rendered home/_header.html.erb (Duration: 1.0ms | Allocations: 474)
  Rendered layout layouts/application.html.erb (Duration: 9.8ms | Allocations: 5376)
Completed 200 OK in 12ms (Views: 11.0ms | ActiveRecord: 0.1ms | Allocations: 6541)


Started GET "/friends" for ::1 at 2022-01-23 23:59:16 -0300
Processing by FriendsController#index as HTML
  Rendering layout layouts/application.html.erb
  Rendering friends/index.html.erb within layouts/application
  [1m[35m (0.1ms)[0m  [1m[34mSELECT sqlite_version(*)[0m
  ↳ app/views/friends/index.html.erb:17
  [1m[36mFriend Load (0.1ms)[0m  [1m[34mSELECT "friends".* FROM "friends"[0m
  ↳ app/views/friends/index.html.erb:17
  Rendered friends/_friend.html.erb (Duration: 1.6ms | Allocations: 412)
  Rendered friends/_friend.html.erb (Duration: 0.3ms | Allocations: 31)
  Rendered friends/index.html.erb within layouts/application (Duration: 11.4ms | Allocations: 3382)
  Rendered home/_header.html.erb (Duration: 4.1ms | Allocations: 471)
  Rendered layout layouts/application.html.erb (Duration: 26.0ms | Allocations: 6580)
Completed 200 OK in 29ms (Views: 28.1ms | ActiveRecord: 0.4ms | Allocations: 7764)


Started GET "/friends" for ::1 at 2022-01-23 23:59:32 -0300
Processing by FriendsController#index as HTML
  Rendering layout layouts/application.html.erb
  Rendering friends/index.html.erb within layouts/application
  [1m[36mFriend Load (0.1ms)[0m  [1m[34mSELECT "friends".* FROM "friends"[0m
  ↳ app/views/friends/index.html.erb:17
  Rendered friends/index.html.erb within layouts/application (Duration: 3.5ms | Allocations: 2134)
  Rendered home/_header.html.erb (Duration: 0.8ms | Allocations: 474)
  Rendered layout layouts/application.html.erb (Duration: 7.5ms | Allocations: 5345)
Completed 200 OK in 9ms (Views: 8.4ms | ActiveRecord: 0.1ms | Allocations: 6533)


Started GET "/friends" for ::1 at 2022-01-23 23:59:37 -0300
Processing by FriendsController#index as HTML
  Rendering layout layouts/application.html.erb
  Rendering friends/index.html.erb within layouts/application
  [1m[36mFriend Load (0.1ms)[0m  [1m[34mSELECT "friends".* FROM "friends"[0m
  ↳ app/views/friends/index.html.erb:17
  Rendered friends/index.html.erb within layouts/application (Duration: 3.6ms | Allocations: 1359)
  Rendered home/_header.html.erb (Duration: 0.2ms | Allocations: 106)
  Rendered layout layouts/application.html.erb (Duration: 6.4ms | Allocations: 3569)
Completed 200 OK in 7ms (Views: 6.9ms | ActiveRecord: 0.1ms | Allocations: 3874)


Started GET "/friends" for ::1 at 2022-01-24 00:05:01 -0300
Processing by FriendsController#index as HTML
  Rendering layout layouts/application.html.erb
  Rendering friends/index.html.erb within layouts/application
  [1m[35m (0.0ms)[0m  [1m[34mSELECT sqlite_version(*)[0m
  ↳ app/views/friends/index.html.erb:17
  [1m[36mFriend Load (0.1ms)[0m  [1m[34mSELECT "friends".* FROM "friends"[0m
  ↳ app/views/friends/index.html.erb:17
  Rendered friends/index.html.erb within layouts/application (Duration: 3.0ms | Allocations: 2818)
  Rendered home/_header.html.erb (Duration: 1.9ms | Allocations: 478)
  Rendered layout layouts/application.html.erb (Duration: 9.8ms | Allocations: 6033)
Completed 200 OK in 12ms (Views: 11.0ms | ActiveRecord: 0.3ms | Allocations: 7195)


Started GET "/friends" for ::1 at 2022-01-24 00:05:03 -0300
Processing by FriendsController#index as HTML
  Rendering layout layouts/application.html.erb
  Rendering friends/index.html.erb within layouts/application
  [1m[36mFriend Load (0.1ms)[0m  [1m[34mSELECT "friends".* FROM "friends"[0m
  ↳ app/views/friends/index.html.erb:17
  Rendered friends/index.html.erb within layouts/application (Duration: 1.7ms | Allocations: 1317)
  Rendered home/_header.html.erb (Duration: 0.3ms | Allocations: 106)
  Rendered layout layouts/application.html.erb (Duration: 4.6ms | Allocations: 3527)
Completed 200 OK in 6ms (Views: 5.0ms | ActiveRecord: 0.1ms | Allocations: 3830)


Started GET "/friends" for ::1 at 2022-01-24 00:05:04 -0300
Processing by FriendsController#index as HTML
  Rendering layout layouts/application.html.erb
  Rendering friends/index.html.erb within layouts/application
  [1m[36mFriend Load (0.1ms)[0m  [1m[34mSELECT "friends".* FROM "friends"[0m
  ↳ app/views/friends/index.html.erb:17
  Rendered friends/index.html.erb within layouts/application (Duration: 1.9ms | Allocations: 1341)
  Rendered home/_header.html.erb (Duration: 0.2ms | Allocations: 106)
  Rendered layout layouts/application.html.erb (Duration: 4.1ms | Allocations: 3551)
Completed 200 OK in 5ms (Views: 4.3ms | ActiveRecord: 0.1ms | Allocations: 3830)


Started GET "/friends" for ::1 at 2022-01-24 00:05:04 -0300
Processing by FriendsController#index as HTML
  Rendering layout layouts/application.html.erb
  Rendering friends/index.html.erb within layouts/application
  [1m[36mFriend Load (0.1ms)[0m  [1m[34mSELECT "friends".* FROM "friends"[0m
  ↳ app/views/friends/index.html.erb:17
  Rendered friends/index.html.erb within layouts/application (Duration: 3.2ms | Allocations: 1344)
  Rendered home/_header.html.erb (Duration: 0.2ms | Allocations: 106)
  Rendered layout layouts/application.html.erb (Duration: 7.2ms | Allocations: 3554)
Completed 200 OK in 8ms (Views: 7.6ms | ActiveRecord: 0.1ms | Allocations: 3833)


Started GET "/friends" for ::1 at 2022-01-24 00:05:05 -0300
Processing by FriendsController#index as HTML
  Rendering layout layouts/application.html.erb
  Rendering friends/index.html.erb within layouts/application
  [1m[36mFriend Load (0.1ms)[0m  [1m[34mSELECT "friends".* FROM "friends"[0m
  ↳ app/views/friends/index.html.erb:17
  Rendered friends/index.html.erb within layouts/application (Duration: 2.0ms | Allocations: 1326)
  Rendered home/_header.html.erb (Duration: 0.3ms | Allocations: 106)
  Rendered layout layouts/application.html.erb (Duration: 4.5ms | Allocations: 3536)
Completed 200 OK in 5ms (Views: 4.8ms | ActiveRecord: 0.1ms | Allocations: 3815)


